  Game.cpp
C:\Users\Richie\Desktop\MG\Motion-Graphics\Lab9\SplitScreen\SplitScreen\Game.cpp(32,20): warning C4018: '<': signed/unsigned mismatch
C:\Users\Richie\Desktop\MG\Motion-Graphics\Lab9\SplitScreen\SplitScreen\Game.cpp(200,21): warning C4018: '<': signed/unsigned mismatch
C:\Users\Richie\Desktop\MG\Motion-Graphics\Lab9\SplitScreen\SplitScreen\Game.cpp(230,114): warning C4244: 'argument': conversion from 'double' to 'float', possible loss of data
C:\Users\Richie\Desktop\MG\Motion-Graphics\Lab9\SplitScreen\SplitScreen\Game.cpp(261,20): warning C4018: '<': signed/unsigned mismatch
C:\Users\Richie\Desktop\MG\Motion-Graphics\Lab9\SplitScreen\SplitScreen\Game.cpp(269,20): warning C4018: '<': signed/unsigned mismatch
C:\Users\Richie\Desktop\MG\Motion-Graphics\Lab9\SplitScreen\SplitScreen\Game.cpp(285,20): warning C4018: '<': signed/unsigned mismatch
C:\Users\Richie\Desktop\MG\Motion-Graphics\Lab9\SplitScreen\SplitScreen\Game.cpp(297,20): warning C4018: '<': signed/unsigned mismatch
C:\Users\Richie\Desktop\MG\Motion-Graphics\Lab9\SplitScreen\SplitScreen\Game.cpp(462,21): warning C4018: '<': signed/unsigned mismatch
C:\Users\Richie\Desktop\MG\Motion-Graphics\Lab9\SplitScreen\SplitScreen\Game.cpp(523,20): warning C4018: '<': signed/unsigned mismatch
C:\Users\Richie\Desktop\MG\Motion-Graphics\Lab9\SplitScreen\SplitScreen\Game.cpp(567,20): warning C4018: '<': signed/unsigned mismatch
C:\Users\Richie\Desktop\MG\Motion-Graphics\Lab9\SplitScreen\SplitScreen\Game.cpp(591,15): warning C4244: 'initializing': conversion from 'float' to 'int', possible loss of data
C:\Users\Richie\Desktop\MG\Motion-Graphics\Lab9\SplitScreen\SplitScreen\Game.cpp(636,25): warning C4244: 'initializing': conversion from 'double' to 'float', possible loss of data
C:\Users\Richie\Desktop\MG\Motion-Graphics\Lab9\SplitScreen\SplitScreen\Game.cpp(693,39): warning C4305: 'argument': truncation from 'double' to 'float'
C:\Users\Richie\Desktop\MG\Motion-Graphics\Lab9\SplitScreen\SplitScreen\Game.cpp(781,25): warning C4244: '=': conversion from 'int' to 'T', possible loss of data
          with
          [
              T=float
          ]
C:\Users\Richie\Desktop\MG\Motion-Graphics\Lab9\SplitScreen\SplitScreen\Game.cpp(782,25): warning C4244: '=': conversion from 'int' to 'T', possible loss of data
          with
          [
              T=float
          ]
C:\Users\Richie\Desktop\MG\Motion-Graphics\Lab9\SplitScreen\SplitScreen\Game.cpp(837,15): warning C4305: 'argument': truncation from 'double' to 'float'
C:\Users\Richie\Desktop\MG\Motion-Graphics\Lab9\SplitScreen\SplitScreen\Game.cpp(840,16): warning C4305: 'argument': truncation from 'double' to 'float'
C:\Users\Richie\Desktop\MG\Motion-Graphics\Lab9\SplitScreen\SplitScreen\Game.cpp(880,24): warning C4018: '<': signed/unsigned mismatch
C:\Users\Richie\Desktop\MG\Motion-Graphics\Lab9\SplitScreen\SplitScreen\Game.cpp(909,20): warning C4018: '<': signed/unsigned mismatch
  SplitScreen.vcxproj -> C:\Users\Richie\Desktop\MG\Motion-Graphics\Lab9\SplitScreen\Debug\SplitScreen.exe
