  main.cpp
C:\Users\Richie\Desktop\MotionGraphics\Motion-Graphics\Lab6\DinoGame\DinoGame\main.cpp(73,25): warning C4305: 'argument': truncation from 'double' to 'float'
C:\Users\Richie\Desktop\MotionGraphics\Motion-Graphics\Lab6\DinoGame\DinoGame\main.cpp(53,53): warning C4244: '-=': conversion from 'double' to 'float', possible loss of data
C:\Users\Richie\Desktop\MotionGraphics\Motion-Graphics\Lab6\DinoGame\DinoGame\main.cpp(171,30): warning C4305: 'argument': truncation from 'double' to 'float'
C:\Users\Richie\Desktop\MotionGraphics\Motion-Graphics\Lab6\DinoGame\DinoGame\main.cpp(175,30): warning C4305: 'argument': truncation from 'double' to 'float'
C:\Users\Richie\Desktop\MotionGraphics\Motion-Graphics\Lab6\DinoGame\DinoGame\main.cpp(205,70): warning C4305: 'argument': truncation from 'double' to 'float'
C:\Users\Richie\Desktop\MotionGraphics\Motion-Graphics\Lab6\DinoGame\DinoGame\main.cpp(210,71): warning C4305: 'argument': truncation from 'double' to 'float'
C:\Users\Richie\Desktop\MotionGraphics\Motion-Graphics\Lab6\DinoGame\DinoGame\main.cpp(226,39): warning C4305: 'argument': truncation from 'double' to 'float'
C:\Users\Richie\Desktop\MotionGraphics\Motion-Graphics\Lab6\DinoGame\DinoGame\main.cpp(229,29): warning C4305: 'initializing': truncation from 'double' to 'float'
C:\Users\Richie\Desktop\MotionGraphics\Motion-Graphics\Lab6\DinoGame\DinoGame\main.cpp(332,36): warning C4305: '+=': truncation from 'double' to 'float'
C:\Users\Richie\Desktop\MotionGraphics\Motion-Graphics\Lab6\DinoGame\DinoGame\main.cpp(438,26): warning C4244: '+=': conversion from 'double' to 'T', possible loss of data
          with
          [
              T=float
          ]
C:\Users\Richie\Desktop\MotionGraphics\Motion-Graphics\Lab6\DinoGame\DinoGame\main.cpp(508,107): warning C4244: 'argument': conversion from 'T' to 'T', possible loss of data
          with
          [
              T=float
          ]
          and
          [
              T=int
          ]
C:\Users\Richie\Desktop\MotionGraphics\Motion-Graphics\Lab6\DinoGame\DinoGame\main.cpp(508,91): warning C4244: 'argument': conversion from 'T' to 'T', possible loss of data
          with
          [
              T=float
          ]
          and
          [
              T=int
          ]
C:\Users\Richie\Desktop\MotionGraphics\Motion-Graphics\Lab6\DinoGame\DinoGame\main.cpp(508,70): warning C4244: 'argument': conversion from 'double' to 'T', possible loss of data
          with
          [
              T=int
          ]
C:\Users\Richie\Desktop\MotionGraphics\Motion-Graphics\Lab6\DinoGame\DinoGame\main.cpp(509,124): warning C4244: 'argument': conversion from 'T' to 'T', possible loss of data
          with
          [
              T=float
          ]
          and
          [
              T=int
          ]
C:\Users\Richie\Desktop\MotionGraphics\Motion-Graphics\Lab6\DinoGame\DinoGame\main.cpp(509,108): warning C4244: 'argument': conversion from 'T' to 'T', possible loss of data
          with
          [
              T=float
          ]
          and
          [
              T=int
          ]
C:\Users\Richie\Desktop\MotionGraphics\Motion-Graphics\Lab6\DinoGame\DinoGame\main.cpp(509,87): warning C4244: 'argument': conversion from 'double' to 'T', possible loss of data
          with
          [
              T=int
          ]
C:\Users\Richie\Desktop\MotionGraphics\Motion-Graphics\Lab6\DinoGame\DinoGame\main.cpp(509,62): warning C4244: 'argument': conversion from 'T' to 'T', possible loss of data
          with
          [
              T=float
          ]
          and
          [
              T=int
          ]
C:\Users\Richie\Desktop\MotionGraphics\Motion-Graphics\Lab6\DinoGame\DinoGame\main.cpp(543,72): warning C4244: '+=': conversion from 'double' to 'T', possible loss of data
          with
          [
              T=float
          ]
C:\Users\Richie\Desktop\MotionGraphics\Motion-Graphics\Lab6\DinoGame\DinoGame\main.cpp(589,50): warning C4244: '+=': conversion from 'double' to 'T', possible loss of data
          with
          [
              T=float
          ]
  DinoGame.vcxproj -> C:\Users\Richie\Desktop\MotionGraphics\Motion-Graphics\Lab6\DinoGame\Debug\DinoGame.exe
