  Source.cpp
C:\Users\C00272345\Desktop\M.g\Motion-Graphics\Lab4\Following\Following\Source.cpp(213,29): warning C4244: 'argument': conversion from 'int' to 'float', possible loss of data
C:\Users\C00272345\Desktop\M.g\Motion-Graphics\Lab4\Following\Following\Source.cpp(218,29): warning C4244: 'argument': conversion from 'int' to 'float', possible loss of data
C:\Users\C00272345\Desktop\M.g\Motion-Graphics\Lab4\Following\Following\Source.cpp(224,31): warning C4244: 'argument': conversion from 'int' to 'float', possible loss of data
C:\Users\C00272345\Desktop\M.g\Motion-Graphics\Lab4\Following\Following\Source.cpp(230,31): warning C4244: 'argument': conversion from 'int' to 'float', possible loss of data
C:\Users\C00272345\Desktop\M.g\Motion-Graphics\Lab4\Following\Following\Source.cpp(250,37): warning C4305: '+=': truncation from 'double' to 'float'
C:\Users\C00272345\Desktop\M.g\Motion-Graphics\Lab4\Following\Following\Source.cpp(299,60): warning C4244: 'argument': conversion from 'T' to 'float', possible loss of data
          with
          [
              T=unsigned int
          ]
C:\Users\C00272345\Desktop\M.g\Motion-Graphics\Lab4\Following\Following\Source.cpp(299,41): warning C4244: 'argument': conversion from 'T' to 'float', possible loss of data
          with
          [
              T=unsigned int
          ]
C:\Users\C00272345\Desktop\M.g\Motion-Graphics\Lab4\Following\Following\Source.cpp(376,52): warning C4244: 'argument': conversion from 'T' to 'float', possible loss of data
          with
          [
              T=unsigned int
          ]
C:\Users\C00272345\Desktop\M.g\Motion-Graphics\Lab4\Following\Following\Source.cpp(376,33): warning C4244: 'argument': conversion from 'T' to 'float', possible loss of data
          with
          [
              T=unsigned int
          ]
C:\Users\C00272345\Desktop\M.g\Motion-Graphics\Lab4\Following\Following\Source.cpp(429,58): warning C4244: 'argument': conversion from 'T' to 'float', possible loss of data
          with
          [
              T=unsigned int
          ]
C:\Users\C00272345\Desktop\M.g\Motion-Graphics\Lab4\Following\Following\Source.cpp(429,39): warning C4244: 'argument': conversion from 'T' to 'float', possible loss of data
          with
          [
              T=unsigned int
          ]
C:\Users\C00272345\Desktop\M.g\Motion-Graphics\Lab4\Following\Following\Source.cpp(430,32): warning C4305: 'argument': truncation from 'double' to 'float'
  Following.vcxproj -> C:\Users\C00272345\Desktop\M.g\Motion-Graphics\Lab4\Following\Debug\Following.exe
